{"C:\\Users\\Server-Room\\Desktop\\Exam_7\\Project-Module-9\\index.js": {"path":"C:\\Users\\Server-Room\\Desktop\\Exam_7\\Project-Module-9\\index.js","statementMap":{"0":{"start":{"line":1,"column":23},"end":{"line":1,"column":47}},"1":{"start":{"line":1,"column":50},"end":{"line":1,"column":73}}},"fnMap":{"0":{"name":"hello","decl":{"start":{"line":1,"column":9},"end":{"line":1,"column":14}},"loc":{"start":{"line":1,"column":21},"end":{"line":1,"column":49}},"line":1}},"branchMap":{},"s":{"0":1,"1":1},"f":{"0":1},"b":{},"_coverageSchema":"1a1c01bbd47fc00a2c39e90264f33305004495a9","hash":"a84e7197e63c60e2b01520479f93a8330bbac5ef"}
}
